ansible-playbook ALLINONE.yml -l CUST1

PLAY [IPVPN_FABRIC ALL IN ONE PLAYBOOK] ********************************************************************************************

PLAY [GET DATA PE] *****************************************************************************************************************

TASK [MGMT / show ip bgp vpnv4 vrf oss-new-mplsmgmt 10.255.1.11/32 | i Originator] *************************************************
skipping: [CPE1]

TASK [Display 'show ip bgp vpnv4 vrf oss-new-mplsmgmt on MGMT'] ********************************************************************
skipping: [CPE1]

TASK [extract values from sh ip bgp | i Originator] ********************************************************************************
skipping: [CPE1]

TASK [MGMT / show ip bgp 10.255.1.11/32  | i  from] ********************************************************************************
ok: [CPE1]

TASK [Display 'show ip bgp  on MGMT'] **********************************************************************************************
ok: [CPE1] => {
    "config": {
        "changed": false,
        "failed": false,
        "stdout": [
            "10.253.1.2 (metric 20) from 10.255.1.1 (10.255.1.1)"
        ],
        "stdout_lines": [
            [
                "10.253.1.2 (metric 20) from 10.255.1.1 (10.255.1.1)"
            ]
        ]
    }
}

TASK [extract values from sh ip bgp  | i  from] ************************************************************************************
ok: [CPE1]

TASK [debug] ***********************************************************************************************************************
ok: [CPE1] => {
    "msg": [
        "(10.255.1.1)"
    ]
}

TASK [strip (] *********************************************************************************************************************
ok: [CPE1]

TASK [debug] ***********************************************************************************************************************
ok: [CPE1] => {
    "msg": [
        "10.255.1.1)"
    ]
}

TASK [strip )] *********************************************************************************************************************
ok: [CPE1]

TASK [debug] ***********************************************************************************************************************
ok: [CPE1] => {
    "msg": [
        "10.255.1.1"
    ]
}

TASK [search MGMT_LB_PE reverse DNS] ***********************************************************************************************
ok: [CPE1] => (item=10.255.1.1)

TASK [debug] ***********************************************************************************************************************
ok: [CPE1] => {
    "msg": "Reverse DNS for 10.255.1.1 is lo0-PE1."
}

TASK [remove lo0- from from reverse] ***********************************************************************************************
ok: [CPE1] => (item=lo0-PE1.)

TASK [remove . from from SAR_NAME] *************************************************************************************************
ok: [CPE1] => (item=PE1.)

TASK [debug] ***********************************************************************************************************************
ok: [CPE1] => {
    "msg": "after |replace Reverse DNS for [u'10.255.1.1'] is PE1"
}

TASK [debug] ***********************************************************************************************************************
ok: [CPE1] => {
    "msg": "10.255.1.11 is advertised by PE1"
}

TASK [set fact SAR_OS for SAR OS] **************************************************************************************************
ok: [CPE1]

TASK [debug] ***********************************************************************************************************************
ok: [CPE1] => {
    "msg": "PE1 OS is : iosxr"
}

TASK [lineinfile] ******************************************************************************************************************
ok: [CPE1]

TASK [sh run formal interface | remotewanip] ***************************************************************************************
ok: [CPE1]

TASK [print shiosxr] ***************************************************************************************************************
ok: [CPE1] => {
    "shiosxr": {
        "changed": false,
        "failed": false,
        "stdout": [
            "interface GigabitEthernet0/0/0/1.15 ipv4 address 10.253.1.1 255.255.255.252"
        ],
        "stdout_lines": [
            [
                "interface GigabitEthernet0/0/0/1.15 ipv4 address 10.253.1.1 255.255.255.252"
            ]
        ]
    }
}

TASK [extract interfaces from shiosxr] *********************************************************************************************
ok: [CPE1] => (item=interface GigabitEthernet0/0/0/1.15 ipv4 address 10.253.1.1 255.255.255.252)

TASK [debug] ***********************************************************************************************************************
ok: [CPE1] => {
    "msg": [
        "GigabitEthernet0/0/0/1.15"
    ]
}

TASK [napalm_cli] ******************************************************************************************************************
skipping: [CPE1]

TASK [print shios] *****************************************************************************************************************
skipping: [CPE1]

TASK [set fact temp = shios.results] ***********************************************************************************************
skipping: [CPE1]

TASK [extract interfaces from shios] ***********************************************************************************************
skipping: [CPE1]

TASK [debug] ***********************************************************************************************************************
skipping: [CPE1]

TASK [extract PE_INT and PE_VLANID] ************************************************************************************************
ok: [CPE1] => (item=GigabitEthernet0/0/0/1.15)

TASK [debug] ***********************************************************************************************************************
ok: [CPE1] => {
    "msg": "PE_INT is GigabitEthernet0/0/0/1 and PE_VLANID is 15"
}

TASK [set fact for SAR_INT] ********************************************************************************************************
ok: [CPE1]

TASK [lineinfile] ******************************************************************************************************************
ok: [CPE1]

TASK [set fact for SAR_VLAN_FACING_CPE_GRT] ****************************************************************************************
ok: [CPE1]

TASK [lineinfile] ******************************************************************************************************************
ok: [CPE1]

PLAY [GET DATA PE] *****************************************************************************************************************

TASK [MGMT / show ip bgp vpnv4 vrf oss-new-mplsmgmt 10.255.1.12/32 | i Originator] *************************************************
skipping: [CPE2]

TASK [Display 'show ip bgp vpnv4 vrf oss-new-mplsmgmt on MGMT'] ********************************************************************
skipping: [CPE2]

TASK [extract values from sh ip bgp | i Originator] ********************************************************************************
skipping: [CPE2]

TASK [MGMT / show ip bgp 10.255.1.12/32  | i  from] ********************************************************************************
ok: [CPE2]

TASK [Display 'show ip bgp  on MGMT'] **********************************************************************************************
ok: [CPE2] => {
    "config": {
        "changed": false,
        "failed": false,
        "stdout": [
            "10.253.2.2 (metric 20) from 10.255.1.2 (10.255.1.2)"
        ],
        "stdout_lines": [
            [
                "10.253.2.2 (metric 20) from 10.255.1.2 (10.255.1.2)"
            ]
        ]
    }
}

TASK [extract values from sh ip bgp  | i  from] ************************************************************************************
ok: [CPE2]

TASK [debug] ***********************************************************************************************************************
ok: [CPE2] => {
    "msg": [
        "(10.255.1.2)"
    ]
}

TASK [strip (] *********************************************************************************************************************
ok: [CPE2]

TASK [debug] ***********************************************************************************************************************
ok: [CPE2] => {
    "msg": [
        "10.255.1.2)"
    ]
}

TASK [strip )] *********************************************************************************************************************
ok: [CPE2]

TASK [debug] ***********************************************************************************************************************
ok: [CPE2] => {
    "msg": [
        "10.255.1.2"
    ]
}

TASK [search MGMT_LB_PE reverse DNS] ***********************************************************************************************
ok: [CPE2] => (item=10.255.1.2)

TASK [debug] ***********************************************************************************************************************
ok: [CPE2] => {
    "msg": "Reverse DNS for 10.255.1.2 is lo0-PE2."
}

TASK [remove lo0- from from reverse] ***********************************************************************************************
ok: [CPE2] => (item=lo0-PE2.)

TASK [remove . from from SAR_NAME] *************************************************************************************************
ok: [CPE2] => (item=PE2.)

TASK [debug] ***********************************************************************************************************************
ok: [CPE2] => {
    "msg": "after |replace Reverse DNS for [u'10.255.1.2'] is PE2"
}

TASK [debug] ***********************************************************************************************************************
ok: [CPE2] => {
    "msg": "10.255.1.12 is advertised by PE2"
}

TASK [set fact SAR_OS for SAR OS] **************************************************************************************************
ok: [CPE2]

TASK [debug] ***********************************************************************************************************************
ok: [CPE2] => {
    "msg": "PE2 OS is : iosxr"
}

TASK [lineinfile] ******************************************************************************************************************
ok: [CPE2]

TASK [sh run formal interface | remotewanip] ***************************************************************************************
ok: [CPE2]

TASK [print shiosxr] ***************************************************************************************************************
ok: [CPE2] => {
    "shiosxr": {
        "changed": false,
        "failed": false,
        "stdout": [
            "interface GigabitEthernet0/0/0/1.25 ipv4 address 10.253.2.1 255.255.255.252"
        ],
        "stdout_lines": [
            [
                "interface GigabitEthernet0/0/0/1.25 ipv4 address 10.253.2.1 255.255.255.252"
            ]
        ]
    }
}

TASK [extract interfaces from shiosxr] *********************************************************************************************
ok: [CPE2] => (item=interface GigabitEthernet0/0/0/1.25 ipv4 address 10.253.2.1 255.255.255.252)

TASK [debug] ***********************************************************************************************************************
ok: [CPE2] => {
    "msg": [
        "GigabitEthernet0/0/0/1.25"
    ]
}

TASK [napalm_cli] ******************************************************************************************************************
skipping: [CPE2]

TASK [print shios] *****************************************************************************************************************
skipping: [CPE2]

TASK [set fact temp = shios.results] ***********************************************************************************************
skipping: [CPE2]

TASK [extract interfaces from shios] ***********************************************************************************************
skipping: [CPE2]

TASK [debug] ***********************************************************************************************************************
skipping: [CPE2]

TASK [extract PE_INT and PE_VLANID] ************************************************************************************************
ok: [CPE2] => (item=GigabitEthernet0/0/0/1.25)

TASK [debug] ***********************************************************************************************************************
ok: [CPE2] => {
    "msg": "PE_INT is GigabitEthernet0/0/0/1 and PE_VLANID is 25"
}

TASK [set fact for SAR_INT] ********************************************************************************************************
ok: [CPE2]

TASK [lineinfile] ******************************************************************************************************************
ok: [CPE2]

TASK [set fact for SAR_VLAN_FACING_CPE_GRT] ****************************************************************************************
ok: [CPE2]

TASK [lineinfile] ******************************************************************************************************************
ok: [CPE2]

PLAY [GET DATA PE] *****************************************************************************************************************

TASK [MGMT / show ip bgp vpnv4 vrf oss-new-mplsmgmt 10.255.1.13/32 | i Originator] *************************************************
skipping: [CUST_DC1]

TASK [Display 'show ip bgp vpnv4 vrf oss-new-mplsmgmt on MGMT'] ********************************************************************
skipping: [CUST_DC1]

TASK [extract values from sh ip bgp | i Originator] ********************************************************************************
skipping: [CUST_DC1]

TASK [MGMT / show ip bgp 10.255.1.13/32  | i  from] ********************************************************************************
ok: [CUST_DC1]

TASK [Display 'show ip bgp  on MGMT'] **********************************************************************************************
ok: [CUST_DC1] => {
    "config": {
        "changed": false,
        "failed": false,
        "stdout": [
            "10.253.3.2 from 0.0.0.0 (10.255.1.3)"
        ],
        "stdout_lines": [
            [
                "10.253.3.2 from 0.0.0.0 (10.255.1.3)"
            ]
        ]
    }
}

TASK [extract values from sh ip bgp  | i  from] ************************************************************************************
ok: [CUST_DC1]

TASK [debug] ***********************************************************************************************************************
ok: [CUST_DC1] => {
    "msg": [
        "(10.255.1.3)"
    ]
}

TASK [strip (] *********************************************************************************************************************
ok: [CUST_DC1]

TASK [debug] ***********************************************************************************************************************
ok: [CUST_DC1] => {
    "msg": [
        "10.255.1.3)"
    ]
}

TASK [strip )] *********************************************************************************************************************
ok: [CUST_DC1]

TASK [debug] ***********************************************************************************************************************
ok: [CUST_DC1] => {
    "msg": [
        "10.255.1.3"
    ]
}

TASK [search MGMT_LB_PE reverse DNS] ***********************************************************************************************
ok: [CUST_DC1] => (item=10.255.1.3)

TASK [debug] ***********************************************************************************************************************
ok: [CUST_DC1] => {
    "msg": "Reverse DNS for 10.255.1.3 is lo0-MGMT."
}

TASK [remove lo0- from from reverse] ***********************************************************************************************
ok: [CUST_DC1] => (item=lo0-MGMT.)

TASK [remove . from from SAR_NAME] *************************************************************************************************
ok: [CUST_DC1] => (item=MGMT.)

TASK [debug] ***********************************************************************************************************************
ok: [CUST_DC1] => {
    "msg": "after |replace Reverse DNS for [u'10.255.1.3'] is MGMT"
}

TASK [debug] ***********************************************************************************************************************
ok: [CUST_DC1] => {
    "msg": "10.255.1.13 is advertised by MGMT"
}

TASK [set fact SAR_OS for SAR OS] **************************************************************************************************
ok: [CUST_DC1]

TASK [debug] ***********************************************************************************************************************
ok: [CUST_DC1] => {
    "msg": "MGMT OS is : ios"
}

TASK [lineinfile] ******************************************************************************************************************
ok: [CUST_DC1]

TASK [sh run formal interface | remotewanip] ***************************************************************************************
skipping: [CUST_DC1]

TASK [print shiosxr] ***************************************************************************************************************
skipping: [CUST_DC1]

TASK [extract interfaces from shiosxr] *********************************************************************************************
skipping: [CUST_DC1]

TASK [debug] ***********************************************************************************************************************
skipping: [CUST_DC1]

TASK [napalm_cli] ******************************************************************************************************************
ok: [CUST_DC1]

TASK [print shios] *****************************************************************************************************************
ok: [CUST_DC1] => {
    "shios.results": {
        "show ip int brie | i 10.253.3.1": "GigabitEthernet0/3.1       10.253.3.1      YES NVRAM  up                    up"
    }
}

TASK [set fact temp = shios.results] ***********************************************************************************************
ok: [CUST_DC1] => (item={'key': u'show ip int brie | i 10.253.3.1', 'value': u'GigabitEthernet0/3.1       10.253.3.1      YES NVRAM  up                    up'})

TASK [extract interfaces from shios] ***********************************************************************************************
ok: [CUST_DC1] => (item=GigabitEthernet0/3.1       10.253.3.1      YES NVRAM  up                    up)

TASK [debug] ***********************************************************************************************************************
ok: [CUST_DC1] => {
    "msg": "GigabitEthernet0/3.1"
}

TASK [extract PE_INT and PE_VLANID] ************************************************************************************************
ok: [CUST_DC1] => (item=GigabitEthernet0/3.1)

TASK [debug] ***********************************************************************************************************************
ok: [CUST_DC1] => {
    "msg": "PE_INT is GigabitEthernet0/3 and PE_VLANID is 1"
}

TASK [set fact for SAR_INT] ********************************************************************************************************
ok: [CUST_DC1]

TASK [lineinfile] ******************************************************************************************************************
ok: [CUST_DC1]

TASK [set fact for SAR_VLAN_FACING_CPE_GRT] ****************************************************************************************
ok: [CUST_DC1]

TASK [lineinfile] ******************************************************************************************************************
ok: [CUST_DC1]

PLAY [BGP PE] **********************************************************************************************************************

TASK [include BACKBONE.yml] ********************************************************************************************************
ok: [CPE1]
ok: [CPE2]
ok: [CUST_DC1]

TASK [Create target directory] *****************************************************************************************************
ok: [CPE1]
ok: [CPE2]
ok: [CUST_DC1]

TASK [generate PE BGP CONFIG for IOSXR PE] *****************************************************************************************
skipping: [CUST_DC1]
ok: [CPE2]
ok: [CPE1]

TASK [generate PE BGP CONFIG for IOS PE] *******************************************************************************************
skipping: [CPE1]
skipping: [CPE2]
ok: [CUST_DC1]

TASK [Configure BGP Session on PE] *************************************************************************************************
changed: [CPE2]
changed: [CPE1]
changed: [CUST_DC1]

PLAY [IPVPN_FABRIC CONFIG PLAYBOOK] ************************************************************************************************

TASK [Create target directory] *****************************************************************************************************
ok: [CPE1]
ok: [CPE2]
ok: [CUST_DC1]

TASK [Create Basic Config] *********************************************************************************************************
ok: [CPE1]
ok: [CPE2]
ok: [CUST_DC1]

TASK [Create Final Config] *********************************************************************************************************
ok: [CUST_DC1]
ok: [CPE2]
ok: [CPE1]

TASK [Create PE Qos/Shaping] *******************************************************************************************************
ok: [CUST_DC1]
ok: [CPE1]
ok: [CPE2]

TASK [Configure Basic Config  via ssh / napalm] ************************************************************************************
changed: [CPE1]
changed: [CUST_DC1]
changed: [CPE2]

TASK [Configure Final Config  via ssh / napalm] ************************************************************************************
changed: [CUST_DC1]
changed: [CPE2]
changed: [CPE1]

TASK [Configure Qos/Shaping on PE] *************************************************************************************************
changed: [CPE2]
changed: [CPE1]
changed: [CUST_DC1]

PLAY [IPVPN_FABRIC VERIFY PLAYBOOK] ************************************************************************************************

TASK [REFRESH BGP sessions] ********************************************************************************************************
ok: [CPE1]
ok: [CUST_DC1]
ok: [CPE2]

TASK [CHECK / Napalm Get Facts from Device] ****************************************************************************************
ok: [CUST_DC1]
ok: [CPE2]
ok: [CPE1]

TASK [CHECK / Print BGP details] ***************************************************************************************************
ok: [CPE1] => {
    "msg": {
        "10.253.1.1": {
            "address_family": {
                "ipv4": {
                    "accepted_prefixes": 20,
                    "received_prefixes": 20,
                    "sent_prefixes": 5
                }
            },
            "description": "PE1",
            "is_enabled": true,
            "is_up": true,
            "local_as": 65505,
            "remote_as": 65500,
            "remote_id": "10.255.1.1",
            "uptime": 53
        },
        "10.255.1.12": {
            "address_family": {
                "ipv4": {
                    "accepted_prefixes": 6,
                    "received_prefixes": 6,
                    "sent_prefixes": 18
                }
            },
            "description": "CPE2",
            "is_enabled": true,
            "is_up": true,
            "local_as": 65505,
            "remote_as": 65505,
            "remote_id": "10.255.1.12",
            "uptime": 53
        }
    }
}
ok: [CPE2] => {
    "msg": {
        "10.253.2.1": {
            "address_family": {
                "ipv4": {
                    "accepted_prefixes": 18,
                    "received_prefixes": 18,
                    "sent_prefixes": 6
                }
            },
            "description": "PE2",
            "is_enabled": true,
            "is_up": true,
            "local_as": 65505,
            "remote_as": 65500,
            "remote_id": "10.255.1.2",
            "uptime": 50
        },
        "10.255.1.11": {
            "address_family": {
                "ipv4": {
                    "accepted_prefixes": 18,
                    "received_prefixes": 18,
                    "sent_prefixes": 6
                }
            },
            "description": "CPE1",
            "is_enabled": true,
            "is_up": true,
            "local_as": 65505,
            "remote_as": 65505,
            "remote_id": "10.255.1.11",
            "uptime": 53
        }
    }
}
ok: [CUST_DC1] => {
    "msg": {
        "10.253.3.1": {
            "address_family": {
                "ipv4": {
                    "accepted_prefixes": 18,
                    "received_prefixes": 18,
                    "sent_prefixes": 4
                }
            },
            "description": "MGMT",
            "is_enabled": true,
            "is_up": true,
            "local_as": 65505,
            "remote_as": 65500,
            "remote_id": "10.255.1.3",
            "uptime": 65
        }
    }
}

TASK [CHECK / Ping Remote Test IP(s) from source 10.223.1.252 / 255.255.255.0] *****************************************************
ok: [CUST_DC1] => (item=10.223.0.254)
ok: [CPE2] => (item=10.223.0.254)
ok: [CPE1] => (item=10.223.0.254)
ok: [CUST_DC1] => (item=8.8.8.8)
ok: [CPE2] => (item=8.8.8.8)
ok: [CPE1] => (item=8.8.8.8)

TASK [CHECK / print PINGTEST from source 10.223.1.252 / 255.255.255.0] *************************************************************
ok: [CPE1] => {
    "msg": [
        {
            "success": {
                "packet_loss": 0,
                "probes_sent": 5,
                "results": [
                    {
                        "ip_address": "10.223.0.254",
                        "rtt": 0.0
                    },
                    {
                        "ip_address": "10.223.0.254",
                        "rtt": 0.0
                    },
                    {
                        "ip_address": "10.223.0.254",
                        "rtt": 0.0
                    },
                    {
                        "ip_address": "10.223.0.254",
                        "rtt": 0.0
                    },
                    {
                        "ip_address": "10.223.0.254",
                        "rtt": 0.0
                    }
                ],
                "rtt_avg": 86.0,
                "rtt_max": 373.0,
                "rtt_min": 12.0,
                "rtt_stddev": 0.0
            }
        },
        {
            "success": {
                "packet_loss": 0,
                "probes_sent": 5,
                "results": [
                    {
                        "ip_address": "8.8.8.8",
                        "rtt": 0.0
                    },
                    {
                        "ip_address": "8.8.8.8",
                        "rtt": 0.0
                    },
                    {
                        "ip_address": "8.8.8.8",
                        "rtt": 0.0
                    },
                    {
                        "ip_address": "8.8.8.8",
                        "rtt": 0.0
                    },
                    {
                        "ip_address": "8.8.8.8",
                        "rtt": 0.0
                    }
                ],
                "rtt_avg": 100.0,
                "rtt_max": 435.0,
                "rtt_min": 13.0,
                "rtt_stddev": 0.0
            }
        }
    ]
}
ok: [CPE2] => {
    "msg": [
        {
            "success": {
                "packet_loss": 0,
                "probes_sent": 5,
                "results": [
                    {
                        "ip_address": "10.223.0.254",
                        "rtt": 0.0
                    },
                    {
                        "ip_address": "10.223.0.254",
                        "rtt": 0.0
                    },
                    {
                        "ip_address": "10.223.0.254",
                        "rtt": 0.0
                    },
                    {
                        "ip_address": "10.223.0.254",
                        "rtt": 0.0
                    },
                    {
                        "ip_address": "10.223.0.254",
                        "rtt": 0.0
                    }
                ],
                "rtt_avg": 80.0,
                "rtt_max": 245.0,
                "rtt_min": 6.0,
                "rtt_stddev": 0.0
            }
        },
        {
            "success": {
                "packet_loss": 0,
                "probes_sent": 5,
                "results": [
                    {
                        "ip_address": "8.8.8.8",
                        "rtt": 0.0
                    },
                    {
                        "ip_address": "8.8.8.8",
                        "rtt": 0.0
                    },
                    {
                        "ip_address": "8.8.8.8",
                        "rtt": 0.0
                    },
                    {
                        "ip_address": "8.8.8.8",
                        "rtt": 0.0
                    },
                    {
                        "ip_address": "8.8.8.8",
                        "rtt": 0.0
                    }
                ],
                "rtt_avg": 9.0,
                "rtt_max": 14.0,
                "rtt_min": 7.0,
                "rtt_stddev": 0.0
            }
        }
    ]
}
ok: [CUST_DC1] => {
    "msg": [
        {
            "success": {
                "packet_loss": 0,
                "probes_sent": 5,
                "results": [
                    {
                        "ip_address": "10.223.0.254",
                        "rtt": 0.0
                    },
                    {
                        "ip_address": "10.223.0.254",
                        "rtt": 0.0
                    },
                    {
                        "ip_address": "10.223.0.254",
                        "rtt": 0.0
                    },
                    {
                        "ip_address": "10.223.0.254",
                        "rtt": 0.0
                    },
                    {
                        "ip_address": "10.223.0.254",
                        "rtt": 0.0
                    }
                ],
                "rtt_avg": 3.0,
                "rtt_max": 5.0,
                "rtt_min": 1.0,
                "rtt_stddev": 0.0
            }
        },
        {
            "success": {
                "packet_loss": 0,
                "probes_sent": 5,
                "results": [
                    {
                        "ip_address": "8.8.8.8",
                        "rtt": 0.0
                    },
                    {
                        "ip_address": "8.8.8.8",
                        "rtt": 0.0
                    },
                    {
                        "ip_address": "8.8.8.8",
                        "rtt": 0.0
                    },
                    {
                        "ip_address": "8.8.8.8",
                        "rtt": 0.0
                    },
                    {
                        "ip_address": "8.8.8.8",
                        "rtt": 0.0
                    }
                ],
                "rtt_avg": 5.0,
                "rtt_max": 16.0,
                "rtt_min": 2.0,
                "rtt_stddev": 0.0
            }
        }
    ]
}

TASK [CHECK NAT / WITH SH IP NA TR] ************************************************************************************************
ok: [CUST_DC1]
ok: [CPE1]
ok: [CPE2]

TASK [CHECK NAT / Print SH IP NA TR] ***********************************************************************************************
ok: [CPE1] => {
    "msg": [
        [
            ""
        ]
    ]
}
ok: [CPE2] => {
    "msg": [
        [
            "Pro Inside global         Inside local          Outside local         Outside global",
            "icmp 10.123.1.252:1       10.223.1.252:1        8.8.8.8:1             8.8.8.8:1",
            "icmp 10.123.1.253:1       10.223.1.253:1        8.8.8.8:1             8.8.8.8:1",
            "--- 10.123.1.252          10.223.1.252          ---                   ---",
            "--- 10.123.1.253          10.223.1.253          ---                   ---"
        ]
    ]
}
ok: [CUST_DC1] => {
    "msg": [
        [
            ""
        ]
    ]
}

PLAY RECAP *************************************************************************************************************************
CPE1                       : ok=45   changed=4    unreachable=0    failed=0
CPE2                       : ok=45   changed=4    unreachable=0    failed=0
CUST_DC1                   : ok=46   changed=4    unreachable=0    failed=0
