ansible-playbook CONFIG.yml -l CUST1 -t basic -D

PLAY [get data pe] *************************************************************

PLAY [get data pe] *************************************************************

PLAY [get data pe] *************************************************************

PLAY [IPVPN_FABRIC CONFIG PLAYBOOK] ********************************************

TASK [Create target directory] *************************************************
--- before
+++ after
@@ -1,5 +1,5 @@
 {
-    "mode": "0775",
+    "mode": "0755",
     "path": "configs/CUST1/SITE1-SECONDARY-CPE2/",
-    "state": "absent"
+    "state": "directory"
 }
changed: [CPE2]
--- before
+++ after
@@ -1,5 +1,5 @@
 {
-    "mode": "0775",
+    "mode": "0755",
     "path": "configs/CUST1/SITE1-PRIMARY-CPE1/",
-    "state": "absent"
+    "state": "directory"
 }
changed: [CPE1]
--- before
+++ after
@@ -1,5 +1,5 @@
 {
-    "mode": "0775",
+    "mode": "0755",
     "path": "configs/CUST1/DC1-CUST_DC1/",
-    "state": "absent"
+    "state": "directory"
 }
changed: [CUST_DC1]

TASK [Create Basic Config] *****************************************************
--- before
+++ after: dynamically generated
@@ -0,0 +1,82 @@
+!
+!
+!ip cef
+!
+!
+archive
+ path flash:archive
+ write-memory
+!
+interface Loopback0
+ description IfType[Management]
+ ip addr 10.255.1.11 255.255.255.255
+!
+interface loopback 999
+ description ConfigVersion:1.25 Bespoke Ref Nr SR_123456
+ shut
+!
+!
+service timestamps debug datetime msec localtime
+service timestamps log datetime msec localtime
+service password-encryption
+!
+logging buffered 32000 debugging
+!
+ip routing
+no ip rcmd domain-lookup
+ip rcmd rsh-enable
+no ip finger
+no ip http server
+no ip http secure-server
+!
+ip domain name PE1.ipc.colt.net
+no ip domain lookup
+!
+ip tftp source-interface Loopback0
+ip ssh source-interface Loopback0
+!
+!
+logging source-interface Loopback0
+logging trap debugging
+logging facility local6
+!
+ip classless
+!
+snmp-server location [ColtCab] / PLAYA, BARCELONA, SPAIN
+!
+
+!
+snmp-server trap-source Loopback0
+snmp-server contact inoc@xxxx.net
+snmp-server ifindex persist
+!
+ip sla responder
+!
+snmp ifmib ifalias long
+!
+!
+!
+ntp clock-period 17207933
+ntp source loopback 0
+!
+ip route 192.168.33.0 255.255.255.0 10.253.1.1
+no ip route 111.111.94.0 255.255.255.192
+no ip route 111.111.95.0 255.255.255.192
+no ip route 0.0.0.0 0.0.0.0
+!
+no access-list 10
+30
+access-list 10 permit 10.253.1.1
+access-list 10 permit 192.168.33.0 0.0.0.255
+!
+no access-list 110
+access-list 110 deny   ip any 192.168.33.0 0.0.0.255
+access-list 110 permit ip any any
+!
+!
+line vty 0 4
+ access-class 10 in
+ exec-timeout 60 0
+ transport input ssh
+!
+end

changed: [CPE1]
--- before
+++ after: dynamically generated
@@ -0,0 +1,82 @@
+!
+!
+!ip cef
+!
+!
+archive
+ path flash:archive
+ write-memory
+!
+interface Loopback0
+ description IfType[Management]
+ ip addr 10.255.1.13 255.255.255.255
+!
+interface loopback 999
+ description ConfigVersion:1.25 Bespoke Ref Nr SR_123456
+ shut
+!
+!
+service timestamps debug datetime msec localtime
+service timestamps log datetime msec localtime
+service password-encryption
+!
+logging buffered 32000 debugging
+!
+ip routing
+no ip rcmd domain-lookup
+ip rcmd rsh-enable
+no ip finger
+no ip http server
+no ip http secure-server
+!
+ip domain name GMT.ipc.colt.net
+no ip domain lookup
+!
+ip tftp source-interface Loopback0
+ip ssh source-interface Loopback0
+!
+!
+logging source-interface Loopback0
+logging trap debugging
+logging facility local6
+!
+ip classless
+!
+snmp-server location [ColtCab] / PLAYA, LONDON, GB
+!
+
+!
+snmp-server trap-source Loopback0
+snmp-server contact inoc@xxxx.net
+snmp-server ifindex persist
+!
+ip sla responder
+!
+snmp ifmib ifalias long
+!
+!
+!
+ntp clock-period 17207933
+ntp source loopback 0
+!
+ip route 192.168.33.0 255.255.255.0 10.253.3.1
+no ip route 111.111.94.0 255.255.255.192
+no ip route 111.111.95.0 255.255.255.192
+no ip route 0.0.0.0 0.0.0.0
+!
+no access-list 10
+30
+access-list 10 permit 10.253.3.1
+access-list 10 permit 192.168.33.0 0.0.0.255
+!
+no access-list 110
+access-list 110 deny   ip any 192.168.33.0 0.0.0.255
+access-list 110 permit ip any any
+!
+!
+line vty 0 4
+ access-class 10 in
+ exec-timeout 60 0
+ transport input ssh
+!
+end

changed: [CUST_DC1]
--- before
+++ after: dynamically generated
@@ -0,0 +1,82 @@
+!
+!
+!ip cef
+!
+!
+archive
+ path flash:archive
+ write-memory
+!
+interface Loopback0
+ description IfType[Management]
+ ip addr 10.255.1.12 255.255.255.255
+!
+interface loopback 999
+ description ConfigVersion:1.25 Bespoke Ref Nr SR_123456
+ shut
+!
+!
+service timestamps debug datetime msec localtime
+service timestamps log datetime msec localtime
+service password-encryption
+!
+logging buffered 32000 debugging
+!
+ip routing
+no ip rcmd domain-lookup
+ip rcmd rsh-enable
+no ip finger
+no ip http server
+no ip http secure-server
+!
+ip domain name PE2.ipc.colt.net
+no ip domain lookup
+!
+ip tftp source-interface Loopback0
+ip ssh source-interface Loopback0
+!
+!
+logging source-interface Loopback0
+logging trap debugging
+logging facility local6
+!
+ip classless
+!
+snmp-server location [ColtCab] / PLAYA, BARCELONA, SPAIN
+!
+
+!
+snmp-server trap-source Loopback0
+snmp-server contact inoc@xxxx.net
+snmp-server ifindex persist
+!
+ip sla responder
+!
+snmp ifmib ifalias long
+!
+!
+!
+ntp clock-period 17207933
+ntp source loopback 0
+!
+ip route 192.168.33.0 255.255.255.0 10.253.2.1
+no ip route 111.111.94.0 255.255.255.192
+no ip route 111.111.95.0 255.255.255.192
+no ip route 0.0.0.0 0.0.0.0
+!
+no access-list 10
+30
+access-list 10 permit 10.253.2.1
+access-list 10 permit 192.168.33.0 0.0.0.255
+!
+no access-list 110
+access-list 110 deny   ip any 192.168.33.0 0.0.0.255
+access-list 110 permit ip any any
+!
+!
+line vty 0 4
+ access-class 10 in
+ exec-timeout 60 0
+ transport input ssh
+!
+end

changed: [CPE2]

PLAY [BGP PE] ******************************************************************

PLAY RECAP *********************************************************************
CPE1                       : ok=2    changed=2    unreachable=0    failed=0
CPE2                       : ok=2    changed=2    unreachable=0    failed=0
CUST_DC1                   : ok=2    changed=2    unreachable=0    failed=0
