ansible-playbook IOS_COMMAND_AND_REGEXP.yml -l MGMT -D

PLAY [IOS_COMMAND AND REGEXP] **************************************************

TASK [sh ip int brief] *********************************************************
ok: [MGMT]

TASK [print shiosxr] ***********************************************************
ok: [MGMT] => {
    "shios.stdout_lines": [
        [
            "Interface                  IP-Address      OK? Method Status                Protocol",
            "GigabitEthernet0/0         192.168.33.2    YES NVRAM  up                    up      ",
            "GigabitEthernet0/1         10.254.1.1      YES NVRAM  up                    up      ",
            "GigabitEthernet0/2         10.254.2.1      YES NVRAM  up                    up      ",
            "GigabitEthernet0/3         unassigned      YES NVRAM  administratively down down    ",
            "GigabitEthernet0/3.1277    1.1.1.1         YES manual administratively down down    ",
            "Loopback0                  10.255.1.3      YES NVRAM  up                    up      "
        ]
    ]
}

TASK [set_fact] ****************************************************************
ok: [MGMT]

TASK [print TEMP1] *************************************************************
ok: [MGMT] => {
    "TEMP1": [
        "Interface",
        "GigabitEthernet0/0",
        "GigabitEthernet0/1",
        "GigabitEthernet0/2",
        "GigabitEthernet0/3",
        "GigabitEthernet0/3.1277",
        "Loopback0"
    ]
}

TASK [sh ip int brief | i 1.1.1.1] *********************************************
ok: [MGMT]

TASK [print shiosxr] ***********************************************************
ok: [MGMT] => {
    "shios.stdout_lines": [
        [
            "GigabitEthernet0/3.1277    1.1.1.1         YES manual administratively down down    "
        ]
    ]
}

TASK [set_fact] ****************************************************************
ok: [MGMT]

TASK [print TEMP1] *************************************************************
ok: [MGMT] => {
    "TEMP1": [
        "GigabitEthernet0/3.1277"
    ]
}

PLAY RECAP *********************************************************************
MGMT                       : ok=8    changed=0    unreachable=0    failed=0
