fangio@AspireV15:~/Documents/NETWORK/MyLABs/1.My1LAB$ ansible-playbook IOS_COMMAND.yml -l MGMT,CPE1,CPE2

PLAY [IOS_COMMAND TEST] ********************************************************

TASK [sh run] ******************************************************************
ok: [MGMT]
ok: [CPE1]
ok: [CPE2]

TASK [print shiosxr] ***********************************************************
ok: [MGMT] => {
    "shios.stdout_lines": [
        [
            "Building configuration...",
            "",
            "  ",
            "Current configuration : 3914 bytes",
            "!",
            "version 15.6",
            "service timestamps debug datetime msec",
            "service timestamps log datetime msec",
            "no service password-encryption",
            "!",
            "hostname MGMT",
            "!",
            "boot-start-marker",
            "boot-end-marker",
            "!",
            "!",
            "enable secret 5 $1$EKXH$cXQQL7KsHJ780iLgnYc3G1",
            "!",
            "no aaa new-model",
            "ethernet lmi ce",
            "!",
            "!",
            "!",
            "mmi polling-interval 60",
            "no mmi auto-configure",
            "no mmi pvc",
            "mmi snmp-timeout 180",
            "!",
            "!",
            "!",
            "!",
            "!",
            "!",
            "!",
            "!",
            "!",
            "!",
            "!",
            "ip domain name homelab",
            "ip cef",
            "no ipv6 cef",
            "!",
            "multilink bundle-name authenticated",
            "!",
            "!",
            "!",
            "!",
            "archive",
            " path flash:archive",
            " write-memory",
            "username osainstall privilege 15 password 0 ********",
            "!",
            "redundancy",
            "!",
            "!",
            "! ",
            "!",
            "!",
            "!",
            "!",
            "!",
            "!",
            "!",
            "!",
            "!",
            "!",
            "!",
            "!",
            "interface Loopback0",
            " ip address 10.255.1.3 255.255.255.255",
            "!",
            "interface GigabitEthernet0/0",
            " description TO_MY_LAN",
            " ip address 172.16.13.2 255.255.255.0 secondary",
            " ip address 192.168.1.250 255.255.255.0 secondary",
            " ip address 192.168.33.2 255.255.255.0",
            " duplex auto",
            " speed auto",
            " media-type rj45",
            "!",
            "interface GigabitEthernet0/1",
            " description TO_PE1",
            " ip address 10.254.1.1 255.255.255.252",
            " ip ospf network point-to-point",
            " duplex auto",
            " speed auto",
            " media-type rj45",
            "!",
            "interface GigabitEthernet0/2",
            " description TO_PE2",
            " ip address 10.254.2.1 255.255.255.252",
            " ip ospf network point-to-point",
            " duplex auto",
            " speed auto",
            " media-type rj45",
            "!",
            "interface GigabitEthernet0/3",
            " no ip address",
            " shutdown",
            " duplex auto",
            " speed auto",
            " media-type rj45",
            "!",
            "router ospf 1",
            " router-id 10.255.1.3",
            " redistribute connected subnets",
            " passive-interface default",
            " no passive-interface GigabitEthernet0/1",
            " no passive-interface GigabitEthernet0/2",
            " network 10.254.1.0 0.0.0.3 area 0",
            " network 10.254.2.0 0.0.0.3 area 0",
            "!",
            "router bgp 65500",
            " bgp router-id 10.255.1.3",
            " bgp log-neighbor-changes",
            " redistribute connected",
            " redistribute static",
            " neighbor PE peer-group",
            " neighbor PE remote-as 65500",
            " neighbor 10.255.1.1 peer-group PE",
            " neighbor 10.255.1.2 peer-group PE",
            "!",
            "ip forward-protocol nd",
            "!",
            "!",
            "no ip http server",
            "no ip http secure-server",
            "ip ssh version 2",
            "ip scp server enable",
            "!",
            "!",
            "!",
            "!",
            "control-plane",
            "!",
            "banner exec ^C",
            "**************************************************************************",
            "* IOSv is strictly limited to use for evaluation, demonstration and IOS  *",
            "* education. IOSv is provided as-is and is not supported by Cisco's      *",
            "* Technical Advisory Center. Any use or disclosure, in whole or in part, *",
            "* of the IOSv Software or Documentation to any third party for any       *",
            "* purposes is expressly prohibited except as otherwise authorized by     *",
            "* Cisco in writing.                                                      *",
            "**************************************************************************^C",
            "banner incoming ^C",
            "**************************************************************************",
            "* IOSv is strictly limited to use for evaluation, demonstration and IOS  *",
            "* education. IOSv is provided as-is and is not supported by Cisco's      *",
            "* Technical Advisory Center. Any use or disclosure, in whole or in part, *",
            "* of the IOSv Software or Documentation to any third party for any       *",
            "* purposes is expressly prohibited except as otherwise authorized by     *",
            "* Cisco in writing.                                                      *",
            "**************************************************************************^C",
            "banner login ^C",
            "**************************************************************************",
            "* IOSv is strictly limited to use for evaluation, demonstration and IOS  *",
            "* education. IOSv is provided as-is and is not supported by Cisco's      *",
            "* Technical Advisory Center. Any use or disclosure, in whole or in part, *",
            "* of the IOSv Software or Documentation to any third party for any       *",
            "* purposes is expressly prohibited except as otherwise authorized by     *",
            "* Cisco in writing.                                                      *",
            "**************************************************************************^C",
            "!",
            "line con 0",
            "line aux 0",
            "line vty 0 4",
            " exec-timeout 720 0",
            " login local",
            " transport input telnet ssh",
            "!",
            "no scheduler allocate",
            "!",
            "end",
            ""
        ]
    ]
}
ok: [CPE1] => {
    "shios.stdout_lines": [
        [
            "Building configuration...",
            "",
            "  ",
            "Current configuration : 3274 bytes",
            "!",
            "version 15.6",
            "service timestamps debug datetime msec",
            "service timestamps log datetime msec",
            "no service password-encryption",
            "!",
            "hostname CPE1",
            "!",
            "boot-start-marker",
            "boot-end-marker",
            "!",
            "!",
            "enable password ********",
            "!",
            "no aaa new-model",
            "ethernet lmi ce",
            "!",
            "!",
            "!",
            "mmi polling-interval 60",
            "no mmi auto-configure",
            "no mmi pvc",
            "mmi snmp-timeout 180",
            "!",
            "!",
            "!",
            "!",
            "!",
            "!",
            "!",
            "!",
            "!",
            "!",
            "!",
            "ip domain name mylab",
            "ip cef",
            "no ipv6 cef",
            "!",
            "multilink bundle-name authenticated",
            "!",
            "!",
            "!",
            "!",
            "archive",
            " path flash:archive",
            " write-memory",
            "username osainstall privilege 15 password 0 ********",
            "!",
            "redundancy",
            "!",
            "!",
            "! ",
            "!",
            "!",
            "!",
            "!",
            "!",
            "!",
            "!",
            "!",
            "!",
            "!",
            "!",
            "!",
            "interface Loopback0",
            " ip address 10.255.1.11 255.255.255.255",
            "!",
            "interface GigabitEthernet0/0",
            " no ip address",
            " shutdown",
            " duplex auto",
            " speed auto",
            " media-type rj45",
            "!",
            "interface GigabitEthernet0/1",
            " description TO_PE1",
            " no ip address",
            " duplex auto",
            " speed auto",
            " media-type rj45",
            "!",
            "interface GigabitEthernet0/1.15",
            " encapsulation dot1Q 15",
            " ip address 10.253.1.2 255.255.255.252",
            "!",
            "interface GigabitEthernet0/2",
            " no ip address",
            " shutdown",
            " duplex auto",
            " speed auto",
            " media-type rj45",
            "!",
            "interface GigabitEthernet0/3",
            " no ip address",
            " shutdown",
            " duplex auto",
            " speed auto",
            " media-type rj45",
            "!",
            "ip forward-protocol nd",
            "!",
            "!",
            "no ip http server",
            "no ip http secure-server",
            "ip route 0.0.0.0 0.0.0.0 10.253.1.1",
            "ip ssh version 2",
            "ip scp server enable",
            "!",
            "!",
            "!",
            "!",
            "control-plane",
            "!",
            "banner exec ^C",
            "**************************************************************************",
            "* IOSv is strictly limited to use for evaluation, demonstration and IOS  *",
            "* education. IOSv is provided as-is and is not supported by Cisco's      *",
            "* Technical Advisory Center. Any use or disclosure, in whole or in part, *",
            "* of the IOSv Software or Documentation to any third party for any       *",
            "* purposes is expressly prohibited except as otherwise authorized by     *",
            "* Cisco in writing.                                                      *",
            "**************************************************************************^C",
            "banner incoming ^C",
            "**************************************************************************",
            "* IOSv is strictly limited to use for evaluation, demonstration and IOS  *",
            "* education. IOSv is provided as-is and is not supported by Cisco's      *",
            "* Technical Advisory Center. Any use or disclosure, in whole or in part, *",
            "* of the IOSv Software or Documentation to any third party for any       *",
            "* purposes is expressly prohibited except as otherwise authorized by     *",
            "* Cisco in writing.                                                      *",
            "**************************************************************************^C",
            "banner login ^C",
            "**************************************************************************",
            "* IOSv is strictly limited to use for evaluation, demonstration and IOS  *",
            "* education. IOSv is provided as-is and is not supported by Cisco's      *",
            "* Technical Advisory Center. Any use or disclosure, in whole or in part, *",
            "* of the IOSv Software or Documentation to any third party for any       *",
            "* purposes is expressly prohibited except as otherwise authorized by     *",
            "* Cisco in writing.                                                      *",
            "**************************************************************************^C",
            "!",
            "line con 0",
            "line aux 0",
            "line vty 0 4",
            " exec-timeout 720 0",
            " login local",
            " transport input all",
            "!",
            "no scheduler allocate",
            "!",
            "end",
            ""
        ]
    ]
}
ok: [CPE2] => {
    "shios.stdout_lines": [
        [
            "Building configuration...",
            "",
            "  ",
            "Current configuration : 3254 bytes",
            "!",
            "version 15.6",
            "service timestamps debug datetime msec",
            "service timestamps log datetime msec",
            "no service password-encryption",
            "!",
            "hostname CPE2",
            "!",
            "boot-start-marker",
            "boot-end-marker",
            "!",
            "!",
            "enable password ********",
            "!",
            "no aaa new-model",
            "ethernet lmi ce",
            "!",
            "!",
            "!",
            "mmi polling-interval 60",
            "no mmi auto-configure",
            "no mmi pvc",
            "mmi snmp-timeout 180",
            "!",
            "!",
            "!",
            "!",
            "!",
            "!",
            "!",
            "!",
            "!",
            "!",
            "!",
            "ip domain name mylab",
            "ip cef",
            "no ipv6 cef",
            "!",
            "multilink bundle-name authenticated",
            "!",
            "!",
            "!",
            "!",
            "archive",
            " path flash:archive",
            " write-memory",
            "username osainstall privilege 15 password 0 ********",
            "!",
            "redundancy",
            "!",
            "!",
            "! ",
            "!",
            "!",
            "!",
            "!",
            "!",
            "!",
            "!",
            "!",
            "!",
            "!",
            "!",
            "!",
            "interface Loopback0",
            " ip address 10.255.1.12 255.255.255.255",
            "!",
            "interface GigabitEthernet0/0",
            " no ip address",
            " shutdown",
            " duplex auto",
            " speed auto",
            " media-type rj45",
            "!",
            "interface GigabitEthernet0/1",
            " no ip address",
            " duplex auto",
            " speed auto",
            " media-type rj45",
            "!",
            "interface GigabitEthernet0/1.25",
            " encapsulation dot1Q 25",
            " ip address 10.253.2.2 255.255.255.252",
            "!",
            "interface GigabitEthernet0/2",
            " no ip address",
            " shutdown",
            " duplex auto",
            " speed auto",
            " media-type rj45",
            "!",
            "interface GigabitEthernet0/3",
            " no ip address",
            " shutdown",
            " duplex auto",
            " speed auto",
            " media-type rj45",
            "!",
            "ip forward-protocol nd",
            "!",
            "!",
            "no ip http server",
            "no ip http secure-server",
            "ip route 0.0.0.0 0.0.0.0 10.253.2.1",
            "ip ssh version 2",
            "ip scp server enable",
            "!",
            "!",
            "!",
            "!",
            "control-plane",
            "!",
            "banner exec ^C",
            "**************************************************************************",
            "* IOSv is strictly limited to use for evaluation, demonstration and IOS  *",
            "* education. IOSv is provided as-is and is not supported by Cisco's      *",
            "* Technical Advisory Center. Any use or disclosure, in whole or in part, *",
            "* of the IOSv Software or Documentation to any third party for any       *",
            "* purposes is expressly prohibited except as otherwise authorized by     *",
            "* Cisco in writing.                                                      *",
            "**************************************************************************^C",
            "banner incoming ^C",
            "**************************************************************************",
            "* IOSv is strictly limited to use for evaluation, demonstration and IOS  *",
            "* education. IOSv is provided as-is and is not supported by Cisco's      *",
            "* Technical Advisory Center. Any use or disclosure, in whole or in part, *",
            "* of the IOSv Software or Documentation to any third party for any       *",
            "* purposes is expressly prohibited except as otherwise authorized by     *",
            "* Cisco in writing.                                                      *",
            "**************************************************************************^C",
            "banner login ^C",
            "**************************************************************************",
            "* IOSv is strictly limited to use for evaluation, demonstration and IOS  *",
            "* education. IOSv is provided as-is and is not supported by Cisco's      *",
            "* Technical Advisory Center. Any use or disclosure, in whole or in part, *",
            "* of the IOSv Software or Documentation to any third party for any       *",
            "* purposes is expressly prohibited except as otherwise authorized by     *",
            "* Cisco in writing.                                                      *",
            "**************************************************************************^C",
            "!",
            "line con 0",
            "line aux 0",
            "line vty 0 4",
            " exec-timeout 720 0",
            " login local",
            " transport input all",
            "!",
            "no scheduler allocate",
            "!",
            "end",
            ""
        ]
    ]
}

PLAY RECAP *********************************************************************
CPE1                       : ok=2    changed=0    unreachable=0    failed=0
CPE2                       : ok=2    changed=0    unreachable=0    failed=0
MGMT                       : ok=2    changed=0    unreachable=0    failed=0   
