fangio@AspireV15:~/Documents/NETWORK/MyLABs/1.My1LAB$ ansible-playbook JINJA2_SNMP_LOCATION.yml

PLAY [JINJA2 TEMPLATE FOR SNMP LOCATION] ***************************************

TASK [Create target directory] *************************************************
changed: [PE2]
changed: [CPE1]
changed: [MGMT]
changed: [PE1]
changed: [CPE2]

TASK [Create target directory] *************************************************
changed: [MGMT]
changed: [PE1]
changed: [PE2]
changed: [CPE2]
changed: [CPE1]

TASK [create SNMP location config] *********************************************
changed: [PE1]
changed: [PE2]
changed: [CPE2]
changed: [MGMT]
changed: [CPE1]

PLAY RECAP *********************************************************************
CPE1                       : ok=3    changed=3    unreachable=0    failed=0
CPE2                       : ok=3    changed=3    unreachable=0    failed=0
MGMT                       : ok=3    changed=3    unreachable=0    failed=0
PE1                        : ok=3    changed=3    unreachable=0    failed=0
PE2                        : ok=3    changed=3    unreachable=0    failed=0
