fangio@AspireV15:~/Documents/NETWORK/MyLABs/1.My1LAB$ ansible-playbook NAPALM_GET_FACTS.yml 

PLAY [Get facts] ***************************************************************

TASK [get facts from device] ***************************************************
ok: [CPE2]
ok: [CPE1]
ok: [MGMT]
ok: [PE2]
ok: [PE1]

TASK [Facts] *******************************************************************
ok: [PE1] => {
    "msg": {
        "napalm_interfaces": {
            "GigabitEthernet0/0/0/0": {
                "description": "TO_MGMT",
                "is_enabled": true,
                "is_up": true,
                "last_flapped": -1.0,
                "mac_address": "50:00:00:03:00:01",
                "speed": 1000
            },
            "GigabitEthernet0/0/0/1": {
                "description": "TO_CPE1",
                "is_enabled": true,
                "is_up": true,
                "last_flapped": -1.0,
                "mac_address": "50:00:00:03:00:02",
                "speed": 1000
            },
            "GigabitEthernet0/0/0/1.15": {
                "description": "",
                "is_enabled": true,
                "is_up": true,
                "last_flapped": -1.0,
                "mac_address": "50:00:00:03:00:02",
                "speed": 1000
            },
            "GigabitEthernet0/0/0/2": {
                "description": "TO_PE2",
                "is_enabled": true,
                "is_up": true,
                "last_flapped": -1.0,
                "mac_address": "50:00:00:03:00:03",
                "speed": 1000
            },
            "Loopback0": {
                "description": "",
                "is_enabled": true,
                "is_up": true,
                "last_flapped": -1.0,
                "mac_address": "",
                "speed": 0
            },
            "MgmtEth0/0/CPU0/0": {
                "description": "",
                "is_enabled": false,
                "is_up": false,
                "last_flapped": -1.0,
                "mac_address": "50:00:00:03:00:00",
                "speed": 0
            },
            "Null0": {
                "description": "",
                "is_enabled": true,
                "is_up": true,
                "last_flapped": -1.0,
                "mac_address": "",
                "speed": 0
            }
        }
    }
}
ok: [PE2] => {
    "msg": {
        "napalm_interfaces": {
            "GigabitEthernet0/0/0/0": {
                "description": "TO_MGMT",
                "is_enabled": true,
                "is_up": true,
                "last_flapped": -1.0,
                "mac_address": "50:00:00:04:00:01",
                "speed": 1000
            },
            "GigabitEthernet0/0/0/1": {
                "description": "TO_CPE2",
                "is_enabled": true,
                "is_up": true,
                "last_flapped": -1.0,
                "mac_address": "50:00:00:04:00:02",
                "speed": 1000
            },
            "GigabitEthernet0/0/0/1.25": {
                "description": "",
                "is_enabled": true,
                "is_up": true,
                "last_flapped": -1.0,
                "mac_address": "50:00:00:04:00:02",
                "speed": 1000
            },
            "GigabitEthernet0/0/0/2": {
                "description": "TO_PE1",
                "is_enabled": true,
                "is_up": true,
                "last_flapped": -1.0,
                "mac_address": "50:00:00:04:00:03",
                "speed": 1000
            },
            "Loopback0": {
                "description": "",
                "is_enabled": true,
                "is_up": true,
                "last_flapped": -1.0,
                "mac_address": "",
                "speed": 0
            },
            "MgmtEth0/0/CPU0/0": {
                "description": "",
                "is_enabled": false,
                "is_up": false,
                "last_flapped": -1.0,
                "mac_address": "50:00:00:04:00:00",
                "speed": 0
            },
            "Null0": {
                "description": "",
                "is_enabled": true,
                "is_up": true,
                "last_flapped": -1.0,
                "mac_address": "",
                "speed": 0
            }
        }
    }
}
ok: [MGMT] => {
    "msg": {
        "napalm_interfaces": {
            "GigabitEthernet0/0": {
                "description": "TO_MY_LAN",
                "is_enabled": true,
                "is_up": true,
                "last_flapped": -1.0,
                "mac_address": "50:00:00:05:00:00",
                "speed": 1000
            },
            "GigabitEthernet0/1": {
                "description": "TO_PE1",
                "is_enabled": true,
                "is_up": true,
                "last_flapped": -1.0,
                "mac_address": "50:00:00:05:00:01",
                "speed": 1000
            },
            "GigabitEthernet0/2": {
                "description": "TO_PE2",
                "is_enabled": true,
                "is_up": true,
                "last_flapped": -1.0,
                "mac_address": "50:00:00:05:00:02",
                "speed": 1000
            },
            "GigabitEthernet0/3": {
                "description": "",
                "is_enabled": false,
                "is_up": false,
                "last_flapped": -1.0,
                "mac_address": "50:00:00:05:00:03",
                "speed": 1000
            },
            "Loopback0": {
                "description": "",
                "is_enabled": true,
                "is_up": true,
                "last_flapped": -1.0,
                "mac_address": "",
                "speed": 8000
            }
        }
    }
}
ok: [CPE1] => {
    "msg": {
        "napalm_interfaces": {
            "GigabitEthernet0/0": {
                "description": "",
                "is_enabled": false,
                "is_up": false,
                "last_flapped": -1.0,
                "mac_address": "50:00:00:01:00:00",
                "speed": 1000
            },
            "GigabitEthernet0/1": {
                "description": "TO_PE1",
                "is_enabled": true,
                "is_up": true,
                "last_flapped": -1.0,
                "mac_address": "50:00:00:01:00:01",
                "speed": 1000
            },
            "GigabitEthernet0/1.15": {
                "description": "",
                "is_enabled": true,
                "is_up": true,
                "last_flapped": -1.0,
                "mac_address": "50:00:00:01:00:01",
                "speed": 1000
            },
            "GigabitEthernet0/2": {
                "description": "",
                "is_enabled": false,
                "is_up": false,
                "last_flapped": -1.0,
                "mac_address": "50:00:00:01:00:02",
                "speed": 1000
            },
            "GigabitEthernet0/3": {
                "description": "",
                "is_enabled": false,
                "is_up": false,
                "last_flapped": -1.0,
                "mac_address": "50:00:00:01:00:03",
                "speed": 1000
            },
            "Loopback0": {
                "description": "",
                "is_enabled": true,
                "is_up": true,
                "last_flapped": -1.0,
                "mac_address": "",
                "speed": 8000
            }
        }
    }
}
ok: [CPE2] => {
    "msg": {
        "napalm_interfaces": {
            "GigabitEthernet0/0": {
                "description": "",
                "is_enabled": false,
                "is_up": false,
                "last_flapped": -1.0,
                "mac_address": "50:00:00:02:00:00",
                "speed": 1000
            },
            "GigabitEthernet0/1": {
                "description": "",
                "is_enabled": true,
                "is_up": true,
                "last_flapped": -1.0,
                "mac_address": "50:00:00:02:00:01",
                "speed": 1000
            },
            "GigabitEthernet0/1.25": {
                "description": "",
                "is_enabled": true,
                "is_up": true,
                "last_flapped": -1.0,
                "mac_address": "50:00:00:02:00:01",
                "speed": 1000
            },
            "GigabitEthernet0/2": {
                "description": "",
                "is_enabled": false,
                "is_up": false,
                "last_flapped": -1.0,
                "mac_address": "50:00:00:02:00:02",
                "speed": 1000
            },
            "GigabitEthernet0/3": {
                "description": "",
                "is_enabled": false,
                "is_up": false,
                "last_flapped": -1.0,
                "mac_address": "50:00:00:02:00:03",
                "speed": 1000
            },
            "Loopback0": {
                "description": "",
                "is_enabled": true,
                "is_up": true,
                "last_flapped": -1.0,
                "mac_address": "",
                "speed": 8000
            }
        }
    }
}

PLAY RECAP *********************************************************************
CPE1                       : ok=2    changed=0    unreachable=0    failed=0
CPE2                       : ok=2    changed=0    unreachable=0    failed=0
MGMT                       : ok=2    changed=0    unreachable=0    failed=0
PE1                        : ok=2    changed=0    unreachable=0    failed=0
PE2                        : ok=2    changed=0    unreachable=0    failed=0
