fangio@AspireV15:~/Documents/NETWORK/MyLABs/1.My1LAB$ ansible-playbook NAPALM_CONFIG.yml -t install_config

PLAY [IOS_CONFIG TEST] *********************************************************

TASK [napalm_install_config] ***************************************************
changed: [PE1]
changed: [PE2]
changed: [CPE2]
changed: [CPE1]
changed: [MGMT]

PLAY RECAP *********************************************************************
CPE1                       : ok=1    changed=1    unreachable=0    failed=0
CPE2                       : ok=1    changed=1    unreachable=0    failed=0
MGMT                       : ok=1    changed=1    unreachable=0    failed=0
PE1                        : ok=1    changed=1    unreachable=0    failed=0
PE2                        : ok=1    changed=1    unreachable=0    failed=0





=============== MGMT

MGMT#sh run | i snmp
mmi snmp-timeout 180
snmp-server location OSS LAN, LONDON, UK
snmp-server chassis-id



=============== PE1

RP/0/0/CPU0:PE1#sh run  | i snmp
Mon Oct  2 22:30:56.490 UTC
Building configuration...
snmp-server location PROVIDER NODE 1, BARCELONA, SPAIN
