fangio@AspireV15:~/Documents/NETWORK/MyLABs/1.My1LAB$ ansible-playbook NAPALM_CLI_TELNET.yml -l MGMT -D

PLAY [NAPALM_CLI TEST] *********************************************************

TASK [napalm_cli] **************************************************************
ok: [MGMT]

TASK [Display debug] ***********************************************************
ok: [MGMT] => {
    "napalmcli.results": {
        "show ip int brie | i 1.1.1.1": "GigabitEthernet0/3.1277    1.1.1.1         YES manual administratively down down"
    }
}

TASK [Create target directory] *************************************************
ok: [MGMT]

TASK [set fact temp = napalmcli.results] ***************************************
ok: [MGMT] => (item={'key': u'show ip int brie | i 1.1.1.1', 'value': u'GigabitEthernet0/3.1277    1.1.1.1         YES manual administratively down down'})

TASK [Display TEMP1.key] *******************************************************
ok: [MGMT] => {
    "TEMP1.key": "show ip int brie | i 1.1.1.1"
}

TASK [Display TEMP1.value] *****************************************************
ok: [MGMT] => {
    "TEMP1.value": "GigabitEthernet0/3.1277    1.1.1.1         YES manual administratively down down"
}

TASK [extract interface with split] ********************************************
ok: [MGMT] => (item=GigabitEthernet0/3.1277    1.1.1.1         YES manual administratively down down)

TASK [Display TEMP2] ***********************************************************
ok: [MGMT] => {
    "TEMP2": "GigabitEthernet0/3.1277"
}

TASK [copy] ********************************************************************
--- before: configs/MGMT/MGMT_napalmcli.txt
+++ after: /tmp/tmpCFxXV0
@@ -1 +1 @@
-["", "", "", "", "", "", "", "", "", "", "", "", "", "", "", "", "", "", "", "", "", "", "", "", "", "", "", "", "", "", "", "", "", "", "", "", "", "", "", "", "", "", "", "", "", "", "", "", "", "", "", "", "", "", "", "", "", "", "", "", "", "", "", "", "", "", "", "", "", "", "", "", "", "", "", "", "", "", "", ""]+GigabitEthernet0/3.1277
changed: [MGMT]

PLAY RECAP *********************************************************************
MGMT                       : ok=9    changed=1    unreachable=0    failed=0
