fangio@AspireV15:~/Documents/NETWORK/MyLABs/1.My1LAB$ ansible-playbook NAPALM_CONFIG.yml -t remove_config

PLAY [IOS_CONFIG TEST] *********************************************************

TASK [napalm_install_config] ***************************************************
changed: [PE2]
changed: [PE1]
changed: [CPE1]
changed: [MGMT]
changed: [CPE2]

PLAY RECAP *********************************************************************
CPE1                       : ok=1    changed=1    unreachable=0    failed=0
CPE2                       : ok=1    changed=1    unreachable=0    failed=0
MGMT                       : ok=1    changed=1    unreachable=0    failed=0
PE1                        : ok=1    changed=1    unreachable=0    failed=0
PE2                        : ok=1    changed=1    unreachable=0    failed=0



=============== MGMT

MGMT#sh run | i snmp
mmi snmp-timeout 180
snmp-server chassis-id


=============== PE1

RP/0/0/CPU0:PE1#sh run  | i snmp
Mon Oct  2 22:32:43.392 UTC
Building configuration...
RP/0/0/CPU0:PE1#
